09/20/2021 06:00:33 PM - humann.humann - INFO: Running humann v3.0.0
09/20/2021 06:00:33 PM - humann.humann - INFO: Output files will be written to: /galaxy-central/tools/humann/human_output
09/20/2021 06:00:33 PM - humann.humann - INFO: Writing temp files to directory: /galaxy-central/tools/humann/human_output/demo_humann_temp
09/20/2021 06:00:33 PM - humann.utilities - INFO: File ( /galaxy-central/tools/humann/humann/examples/demo.fastq.gz ) is of format:  fastq.gz
09/20/2021 06:00:33 PM - humann.utilities - INFO: Decompressing gzipped file ...
09/20/2021 06:00:33 PM - humann.utilities - DEBUG: Check software, metaphlan, for required version, 3.0
09/20/2021 06:00:33 PM - humann.utilities - INFO: Using metaphlan version 3.0
09/20/2021 06:00:33 PM - humann.utilities - DEBUG: Check software, bowtie2, for required version, 2.2
09/20/2021 06:00:34 PM - humann.utilities - INFO: Using bowtie2 version 2.2
09/20/2021 06:00:34 PM - humann.humann - INFO: Search mode set to uniref90 because a uniref90 translated search database is selected
09/20/2021 06:00:34 PM - humann.utilities - DEBUG: Check software, diamond, for required version, 0.9.36
09/20/2021 06:00:34 PM - humann.utilities - INFO: Using diamond version 0.9.36
09/20/2021 06:00:34 PM - humann.config - INFO: 
Run config settings: 

DATABASE SETTINGS
nucleotide database folder = /galaxy_venv/lib/python3.7/site-packages/humann/data/chocophlan_DEMO
protein database folder = /galaxy_venv/lib/python3.7/site-packages/humann/data/uniref_DEMO
pathways database file 1 = /galaxy_venv/lib/python3.7/site-packages/humann/data/pathways/metacyc_reactions_level4ec_only.uniref.bz2
pathways database file 2 = /galaxy_venv/lib/python3.7/site-packages/humann/data/pathways/metacyc_pathways_structured_filtered
utility mapping database folder = /galaxy_venv/lib/python3.7/site-packages/humann/data/misc

RUN MODES
resume = False
verbose = False
bypass prescreen = False
bypass nucleotide index = False
bypass nucleotide search = False
bypass translated search = False
translated search = diamond
threads = 1

SEARCH MODE
search mode = uniref90
nucleotide identity threshold = 0.0
translated identity threshold = 80.0

ALIGNMENT SETTINGS
bowtie2 options = --very-sensitive
diamond options = --top 1 --outfmt 6
evalue threshold = 1.0
prescreen threshold = 0.01
translated subject coverage threshold = 50.0
translated query coverage threshold = 90.0
nucleotide subject coverage threshold = 50.0
nucleotide query coverage threshold = 90.0

PATHWAYS SETTINGS
minpath = on
xipe = off
gap fill = on

INPUT AND OUTPUT FORMATS
input file format = fastq.gz
output file format = tsv
output max decimals = 10
remove stratified output = False
remove column description output = False
log level = DEBUG

09/20/2021 06:00:34 PM - humann.store - DEBUG: Initialize Alignments class instance to minimize memory use
09/20/2021 06:00:34 PM - humann.store - DEBUG: Initialize Reads class instance to minimize memory use
09/20/2021 06:00:55 PM - humann.humann - INFO: Load pathways database part 1: /galaxy_venv/lib/python3.7/site-packages/humann/data/pathways/metacyc_reactions_level4ec_only.uniref.bz2
09/20/2021 06:00:55 PM - humann.humann - INFO: Load pathways database part 2: /galaxy_venv/lib/python3.7/site-packages/humann/data/pathways/metacyc_pathways_structured_filtered
09/20/2021 06:00:55 PM - humann.search.prescreen - INFO: Running metaphlan ........
09/20/2021 06:00:55 PM - humann.utilities - DEBUG: Using software: /galaxy_venv/bin/metaphlan
09/20/2021 06:00:55 PM - humann.utilities - INFO: Execute command: /galaxy_venv/bin/metaphlan /galaxy-central/tools/humann/human_output/demo_humann_temp/tmpar4gmtge/tmp874t46mh -t rel_ab -o /galaxy-central/tools/humann/human_output/demo_humann_temp/demo_metaphlan_bugs_list.tsv --input_type fastq --bowtie2out /galaxy-central/tools/humann/human_output/demo_humann_temp/demo_metaphlan_bowtie2.txt
09/20/2021 06:02:31 PM - humann.utilities - DEBUG: b'WARNING: The metagenome profile contains clades that represent multiple species merged into a single representant.\nAn additional column listing the merged species is added to the MetaPhlAn output.\n'
09/20/2021 06:02:31 PM - humann.humann - INFO: TIMESTAMP: Completed 	prescreen 	:	 96	 seconds
09/20/2021 06:02:31 PM - humann.search.prescreen - INFO: Found g__Bacteroides.s__Bacteroides_dorei : 57.96% of mapped reads
09/20/2021 06:02:31 PM - humann.search.prescreen - INFO: Found g__Bacteroides.s__Bacteroides_vulgatus : 42.04% of mapped reads
09/20/2021 06:02:31 PM - humann.search.prescreen - INFO: Total species selected from prescreen: 2
09/20/2021 06:02:31 PM - humann.search.prescreen - DEBUG: Adding file to database: g__Bacteroides.s__Bacteroides_dorei.centroids.v296_201901b.ffn.gz
09/20/2021 06:02:31 PM - humann.search.prescreen - DEBUG: Adding file to database: g__Bacteroides.s__Bacteroides_vulgatus.centroids.v296_201901b.ffn.gz
09/20/2021 06:02:31 PM - humann.search.prescreen - INFO: Creating custom ChocoPhlAn database ........
09/20/2021 06:02:31 PM - humann.utilities - DEBUG: Using software: /bin/gunzip
09/20/2021 06:02:31 PM - humann.utilities - INFO: Execute command: /bin/gunzip -c /galaxy_venv/lib/python3.7/site-packages/humann/data/chocophlan_DEMO/g__Bacteroides.s__Bacteroides_dorei.centroids.v296_201901b.ffn.gz /galaxy_venv/lib/python3.7/site-packages/humann/data/chocophlan_DEMO/g__Bacteroides.s__Bacteroides_vulgatus.centroids.v296_201901b.ffn.gz
09/20/2021 06:02:31 PM - humann.humann - INFO: TIMESTAMP: Completed 	custom database creation 	:	 0	 seconds
09/20/2021 06:02:31 PM - humann.search.nucleotide - INFO: Running bowtie2-build ........
09/20/2021 06:02:31 PM - humann.utilities - DEBUG: Using software: /tool_deps/_conda/bin/bowtie2-build
09/20/2021 06:02:31 PM - humann.utilities - INFO: Execute command: /tool_deps/_conda/bin/bowtie2-build -f /galaxy-central/tools/humann/human_output/demo_humann_temp/demo_custom_chocophlan_database.ffn /galaxy-central/tools/humann/human_output/demo_humann_temp/demo_bowtie2_index
09/20/2021 06:03:00 PM - humann.humann - INFO: TIMESTAMP: Completed 	database index 	:	 29	 seconds
09/20/2021 06:03:00 PM - humann.search.nucleotide - DEBUG: Nucleotide input file is of type: fastq
09/20/2021 06:03:00 PM - humann.utilities - DEBUG: Using software: /tool_deps/_conda/bin/bowtie2
09/20/2021 06:03:00 PM - humann.utilities - INFO: Execute command: /tool_deps/_conda/bin/bowtie2 -q -x /galaxy-central/tools/humann/human_output/demo_humann_temp/demo_bowtie2_index -U /galaxy-central/tools/humann/human_output/demo_humann_temp/tmpar4gmtge/tmp874t46mh -S /galaxy-central/tools/humann/human_output/demo_humann_temp/demo_bowtie2_aligned.sam --very-sensitive
09/20/2021 06:03:03 PM - humann.utilities - DEBUG: b'21000 reads; of these:\n  21000 (100.00%) were unpaired; of these:\n    4878 (23.23%) aligned 0 times\n    5579 (26.57%) aligned exactly 1 time\n    10543 (50.20%) aligned >1 times\n76.77% overall alignment rate\n'
09/20/2021 06:03:03 PM - humann.humann - INFO: TIMESTAMP: Completed 	nucleotide alignment 	:	 3	 seconds
09/20/2021 06:03:04 PM - humann.utilities - DEBUG: Total alignments where percent identity is not a number: 0
09/20/2021 06:03:04 PM - humann.utilities - DEBUG: Total alignments where alignment length is not a number: 0
09/20/2021 06:03:04 PM - humann.utilities - DEBUG: Total alignments where E-value is not a number: 0
09/20/2021 06:03:04 PM - humann.utilities - DEBUG: Total alignments not included based on large e-value: 0
09/20/2021 06:03:04 PM - humann.utilities - DEBUG: Total alignments not included based on small percent identity: 0
09/20/2021 06:03:04 PM - humann.utilities - DEBUG: Total alignments not included based on small query coverage: 0
09/20/2021 06:03:04 PM - humann.search.blastx_coverage - INFO: Total alignments without coverage information: 0
09/20/2021 06:03:04 PM - humann.search.blastx_coverage - INFO: Total proteins in blastx output: 4621
09/20/2021 06:03:04 PM - humann.search.blastx_coverage - INFO: Total proteins without lengths: 1
09/20/2021 06:03:04 PM - humann.search.blastx_coverage - INFO: Proteins with coverage greater than threshold (50.0): 545
09/20/2021 06:03:05 PM - humann.search.nucleotide - DEBUG: Total nucleotide alignments not included based on filtered genes: 13667
09/20/2021 06:03:05 PM - humann.search.nucleotide - DEBUG: Total nucleotide alignments not included based on small percent identities: 0
09/20/2021 06:03:05 PM - humann.search.nucleotide - DEBUG: Total nucleotide alignments not included based on query coverage threshold: 0
09/20/2021 06:03:05 PM - humann.search.nucleotide - DEBUG: Keeping sam file
09/20/2021 06:03:05 PM - humann.humann - INFO: TIMESTAMP: Completed 	nucleotide alignment post-processing 	:	 2	 seconds
09/20/2021 06:03:05 PM - humann.humann - INFO: Total bugs from nucleotide alignment: 2
09/20/2021 06:03:05 PM - humann.humann - INFO: 
g__Bacteroides.s__Bacteroides_vulgatus: 1195 hits
g__Bacteroides.s__Bacteroides_dorei: 1260 hits
09/20/2021 06:03:05 PM - humann.humann - INFO: Total gene families from nucleotide alignment: 545
09/20/2021 06:03:05 PM - humann.humann - INFO: Unaligned reads after nucleotide alignment: 88.3095238095 %
09/20/2021 06:03:05 PM - humann.search.translated - INFO: Running diamond ........
09/20/2021 06:03:05 PM - humann.search.translated - INFO: Aligning to reference database: uniref90_demo_prots_v201901b.dmnd
09/20/2021 06:03:05 PM - humann.utilities - DEBUG: Remove file: /galaxy-central/tools/humann/human_output/demo_humann_temp/tmpar4gmtge/diamond_m8_phn35o66
09/20/2021 06:03:05 PM - humann.utilities - DEBUG: Using software: /tool_deps/_conda/bin/diamond
09/20/2021 06:03:05 PM - humann.utilities - INFO: Execute command: /tool_deps/_conda/bin/diamond blastx --query /galaxy-central/tools/humann/human_output/demo_humann_temp/demo_bowtie2_unaligned.fa --evalue 1.0 --threads 1 --top 1 --outfmt 6 --db /galaxy_venv/lib/python3.7/site-packages/humann/data/uniref_DEMO/uniref90_demo_prots_v201901b --out /galaxy-central/tools/humann/human_output/demo_humann_temp/tmpar4gmtge/diamond_m8_phn35o66 --tmpdir /galaxy-central/tools/humann/human_output/demo_humann_temp/tmpar4gmtge
09/20/2021 06:03:07 PM - humann.utilities - DEBUG: b'diamond v0.9.36.137 (C) Max Planck Society for the Advancement of Science\nDocumentation, support and updates available at http://www.diamondsearch.org\n\n#CPU threads: 1\nScoring parameters: (Matrix=BLOSUM62 Lambda=0.267 K=0.041 Penalties=11/1)\nTemporary directory: /galaxy-central/tools/humann/human_output/demo_humann_temp/tmpar4gmtge\nOpening the database...  [0s]\nPercentage range of top alignment score to report hits: 1\nReference = /galaxy_venv/lib/python3.7/site-packages/humann/data/uniref_DEMO/uniref90_demo_prots_v201901b.dmnd\nSequences = 44\nLetters = 18842\nBlock size = 2000000000\nOpening the input file...  [0.002s]\nOpening the output file...  [0s]\nLoading query sequences...  [0.045s]\nMasking queries...  [0.497s]\nBuilding query seed set...  [0.044s]\nAlgorithm: Double-indexed\nBuilding query histograms...  [0.093s]\nAllocating buffers...  [0s]\nLoading reference sequences...  [0s]\nMasking reference...  [0.002s]\nInitializing temporary storage...  [0.01s]\nBuilding reference histograms...  [0.001s]\nAllocating buffers...  [0s]\nProcessing query block 0, reference block 0, shape 0, index chunk 0.\nBuilding reference seed array...  [0s]\nBuilding query seed array...  [0.074s]\nComputing hash join...  [0.007s]\nBuilding seed filter...  [0s]\nSearching alignments...  [0.001s]\nProcessing query block 0, reference block 0, shape 0, index chunk 1.\nBuilding reference seed array...  [0.001s]\nBuilding query seed array...  [0.08s]\nComputing hash join...  [0.011s]\nBuilding seed filter...  [0s]\nSearching alignments...  [0.001s]\nProcessing query block 0, reference block 0, shape 0, index chunk 2.\nBuilding reference seed array...  [0.001s]\nBuilding query seed array...  [0.08s]\nComputing hash join...  [0.011s]\nBuilding seed filter...  [0s]\nSearching alignments...  [0.001s]\nProcessing query block 0, reference block 0, shape 0, index chunk 3.\nBuilding reference seed array...  [0.001s]\nBuilding query seed array...  [0.068s]\nComputing hash join...  [0.006s]\nBuilding seed filter...  [0s]\nSearching alignments...  [0.001s]\nProcessing query block 0, reference block 0, shape 1, index chunk 0.\nBuilding reference seed array...  [0s]\nBuilding query seed array...  [0.043s]\nComputing hash join...  [0.004s]\nBuilding seed filter...  [0s]\nSearching alignments...  [0s]\nProcessing query block 0, reference block 0, shape 1, index chunk 1.\nBuilding reference seed array...  [0.001s]\nBuilding query seed array...  [0.037s]\nComputing hash join...  [0.009s]\nBuilding seed filter...  [0s]\nSearching alignments...  [0s]\nProcessing query block 0, reference block 0, shape 1, index chunk 2.\nBuilding reference seed array...  [0s]\nBuilding query seed array...  [0.036s]\nComputing hash join...  [0.003s]\nBuilding seed filter...  [0s]\nSearching alignments...  [0s]\nProcessing query block 0, reference block 0, shape 1, index chunk 3.\nBuilding reference seed array...  [0s]\nBuilding query seed array...  [0.029s]\nComputing hash join...  [0.01s]\nBuilding seed filter...  [0s]\nSearching alignments...  [0s]\nDeallocating buffers...  [0s]\nComputing alignments...  [0.489s]\nDeallocating reference...  [0s]\nLoading reference sequences...  [0s]\nDeallocating buffers...  [0s]\nDeallocating queries...  [0.001s]\nLoading query sequences...  [0s]\nClosing the input file...  [0s]\nClosing the output file...  [0s]\nClosing the database file...  [0s]\nDeallocating taxonomy...  [0s]\nTotal time = 1.732s\nReported 433 pairwise alignments, 433 HSPs.\n414 queries aligned.\n'
09/20/2021 06:03:07 PM - humann.utilities - DEBUG: Using software: /bin/cat
09/20/2021 06:03:07 PM - humann.utilities - INFO: Execute command: /bin/cat /galaxy-central/tools/humann/human_output/demo_humann_temp/tmpar4gmtge/diamond_m8_phn35o66
09/20/2021 06:03:07 PM - humann.humann - INFO: TIMESTAMP: Completed 	translated alignment 	:	 2	 seconds
09/20/2021 06:03:07 PM - humann.utilities - DEBUG: Total alignments where percent identity is not a number: 0
09/20/2021 06:03:07 PM - humann.utilities - DEBUG: Total alignments where alignment length is not a number: 0
09/20/2021 06:03:07 PM - humann.utilities - DEBUG: Total alignments where E-value is not a number: 0
09/20/2021 06:03:07 PM - humann.utilities - DEBUG: Total alignments not included based on large e-value: 0
09/20/2021 06:03:07 PM - humann.utilities - DEBUG: Total alignments not included based on small percent identity: 2
09/20/2021 06:03:07 PM - humann.utilities - DEBUG: Total alignments not included based on small query coverage: 3
09/20/2021 06:03:07 PM - humann.search.blastx_coverage - INFO: Total alignments without coverage information: 0
09/20/2021 06:03:07 PM - humann.search.blastx_coverage - INFO: Total proteins in blastx output: 42
09/20/2021 06:03:07 PM - humann.search.blastx_coverage - INFO: Total proteins without lengths: 0
09/20/2021 06:03:07 PM - humann.search.blastx_coverage - INFO: Proteins with coverage greater than threshold (50.0): 14
09/20/2021 06:03:07 PM - humann.utilities - DEBUG: Total alignments where percent identity is not a number: 0
09/20/2021 06:03:07 PM - humann.utilities - DEBUG: Total alignments where alignment length is not a number: 0
09/20/2021 06:03:07 PM - humann.utilities - DEBUG: Total alignments where E-value is not a number: 0
09/20/2021 06:03:07 PM - humann.utilities - DEBUG: Total alignments not included based on large e-value: 0
09/20/2021 06:03:07 PM - humann.utilities - DEBUG: Total alignments not included based on small percent identity: 2
09/20/2021 06:03:07 PM - humann.utilities - DEBUG: Total alignments not included based on small query coverage: 3
09/20/2021 06:03:07 PM - humann.search.translated - DEBUG: Total translated alignments not included based on small subject coverage value: 177
09/20/2021 06:03:07 PM - humann.humann - INFO: TIMESTAMP: Completed 	translated alignment post-processing 	:	 0	 seconds
09/20/2021 06:03:07 PM - humann.humann - INFO: Total bugs after translated alignment: 3
09/20/2021 06:03:07 PM - humann.humann - INFO: 
g__Bacteroides.s__Bacteroides_vulgatus: 1195 hits
g__Bacteroides.s__Bacteroides_dorei: 1260 hits
unclassified: 252 hits
09/20/2021 06:03:07 PM - humann.humann - INFO: Total gene families after translated alignment: 559
09/20/2021 06:03:07 PM - humann.humann - INFO: Unaligned reads after translated alignment: 87.2000000000 %
09/20/2021 06:03:07 PM - humann.humann - INFO: Computing gene families ...
09/20/2021 06:03:07 PM - humann.quantify.families - DEBUG: Compute gene families
09/20/2021 06:03:07 PM - humann.store - INFO: 
Total gene families  : 559
g__Bacteroides.s__Bacteroides_vulgatus : 392 gene families
g__Bacteroides.s__Bacteroides_dorei : 392 gene families
unclassified : 14 gene families
09/20/2021 06:03:24 PM - humann.humann - INFO: TIMESTAMP: Completed 	computing gene families 	:	 17	 seconds
09/20/2021 06:03:24 PM - humann.humann - INFO: Computing pathways abundance and coverage ...
09/20/2021 06:03:24 PM - humann.quantify.modules - DEBUG: Write flat reactions to pathways file for Minpath
09/20/2021 06:03:24 PM - humann.quantify.modules - INFO: Compute reaction scores for bug: g__Bacteroides.s__Bacteroides_vulgatus
09/20/2021 06:03:27 PM - humann.quantify.modules - INFO: Run MinPath on g__Bacteroides.s__Bacteroides_vulgatus
09/20/2021 06:03:27 PM - humann.quantify.modules - INFO: Compute reaction scores for bug: g__Bacteroides.s__Bacteroides_dorei
09/20/2021 06:03:30 PM - humann.quantify.modules - INFO: Run MinPath on g__Bacteroides.s__Bacteroides_dorei
09/20/2021 06:03:30 PM - humann.quantify.modules - INFO: Compute reaction scores for bug: unclassified
09/20/2021 06:03:32 PM - humann.quantify.modules - INFO: Run MinPath on unclassified
09/20/2021 06:03:32 PM - humann.quantify.modules - INFO: Compute reaction scores for bug: all
09/20/2021 06:03:34 PM - humann.quantify.modules - INFO: Run MinPath on all
09/20/2021 06:03:34 PM - humann.utilities - DEBUG: Using python module : /galaxy_venv/lib/python3.7/site-packages/humann/quantify/MinPath12hmp.py
09/20/2021 06:03:34 PM - humann.utilities - INFO: Execute command: /galaxy_venv/bin/python /galaxy_venv/lib/python3.7/site-packages/humann/quantify/MinPath12hmp.py -any /galaxy-central/tools/humann/human_output/demo_humann_temp/tmpar4gmtge/tmpxk5ngphq -map /galaxy-central/tools/humann/human_output/demo_humann_temp/tmpar4gmtge/tmp5slg08r8 -report /galaxy-central/tools/humann/human_output/demo_humann_temp/tmpar4gmtge/tmp1jvh55pa -details /galaxy-central/tools/humann/human_output/demo_humann_temp/tmpar4gmtge/tmph91ewz18 -mps /galaxy-central/tools/humann/human_output/demo_humann_temp/tmpar4gmtge/tmp0y3gday6
09/20/2021 06:03:35 PM - humann.utilities - DEBUG: Using python module : /galaxy_venv/lib/python3.7/site-packages/humann/quantify/MinPath12hmp.py
09/20/2021 06:03:35 PM - humann.utilities - INFO: Execute command: /galaxy_venv/bin/python /galaxy_venv/lib/python3.7/site-packages/humann/quantify/MinPath12hmp.py -any /galaxy-central/tools/humann/human_output/demo_humann_temp/tmpar4gmtge/tmpae6uxjzr -map /galaxy-central/tools/humann/human_output/demo_humann_temp/tmpar4gmtge/tmp5slg08r8 -report /galaxy-central/tools/humann/human_output/demo_humann_temp/tmpar4gmtge/tmpg5fqm0p4 -details /galaxy-central/tools/humann/human_output/demo_humann_temp/tmpar4gmtge/tmp7_f67fwe -mps /galaxy-central/tools/humann/human_output/demo_humann_temp/tmpar4gmtge/tmp4222nh41
09/20/2021 06:03:35 PM - humann.utilities - DEBUG: Using python module : /galaxy_venv/lib/python3.7/site-packages/humann/quantify/MinPath12hmp.py
09/20/2021 06:03:35 PM - humann.utilities - INFO: Execute command: /galaxy_venv/bin/python /galaxy_venv/lib/python3.7/site-packages/humann/quantify/MinPath12hmp.py -any /galaxy-central/tools/humann/human_output/demo_humann_temp/tmpar4gmtge/tmp8ueiymby -map /galaxy-central/tools/humann/human_output/demo_humann_temp/tmpar4gmtge/tmp5slg08r8 -report /galaxy-central/tools/humann/human_output/demo_humann_temp/tmpar4gmtge/tmpnfw0t4jb -details /galaxy-central/tools/humann/human_output/demo_humann_temp/tmpar4gmtge/tmpjxor1ec7 -mps /galaxy-central/tools/humann/human_output/demo_humann_temp/tmpar4gmtge/tmp31qhldgy
09/20/2021 06:03:36 PM - humann.utilities - DEBUG: Using python module : /galaxy_venv/lib/python3.7/site-packages/humann/quantify/MinPath12hmp.py
09/20/2021 06:03:36 PM - humann.utilities - INFO: Execute command: /galaxy_venv/bin/python /galaxy_venv/lib/python3.7/site-packages/humann/quantify/MinPath12hmp.py -any /galaxy-central/tools/humann/human_output/demo_humann_temp/tmpar4gmtge/tmpax0nv6cp -map /galaxy-central/tools/humann/human_output/demo_humann_temp/tmpar4gmtge/tmp5slg08r8 -report /galaxy-central/tools/humann/human_output/demo_humann_temp/tmpar4gmtge/tmpzp2unrfc -details /galaxy-central/tools/humann/human_output/demo_humann_temp/tmpar4gmtge/tmpqcrzadzg -mps /galaxy-central/tools/humann/human_output/demo_humann_temp/tmpar4gmtge/tmpv9n908o4
09/20/2021 06:03:37 PM - humann.quantify.modules - DEBUG: Compute pathway abundance for bug: g__Bacteroides.s__Bacteroides_vulgatus
09/20/2021 06:03:37 PM - humann.quantify.modules - DEBUG: Compute pathway abundance for bug: g__Bacteroides.s__Bacteroides_dorei
09/20/2021 06:03:37 PM - humann.quantify.modules - DEBUG: Compute pathway abundance for bug: unclassified
09/20/2021 06:03:37 PM - humann.quantify.modules - DEBUG: Compute pathway abundance for bug: all
09/20/2021 06:03:37 PM - humann.quantify.modules - DEBUG: Compute pathway coverage for bug: g__Bacteroides.s__Bacteroides_vulgatus
09/20/2021 06:03:37 PM - humann.quantify.modules - DEBUG: Compute pathway coverage for bug: g__Bacteroides.s__Bacteroides_dorei
09/20/2021 06:03:37 PM - humann.quantify.modules - DEBUG: Compute pathway coverage for bug: unclassified
09/20/2021 06:03:37 PM - humann.quantify.modules - DEBUG: Compute pathway coverage for bug: all
09/20/2021 06:03:37 PM - humann.quantify.modules - DEBUG: Print pathways _Abundance
09/20/2021 06:03:37 PM - humann.quantify.modules - DEBUG: Print pathways _Coverage
09/20/2021 06:03:37 PM - humann.humann - INFO: TIMESTAMP: Completed 	computing pathways 	:	 13	 seconds
09/20/2021 06:03:37 PM - humann.humann - INFO: 
Output files created: 
/galaxy-central/tools/humann/human_output/demo_genefamilies.tsv
/galaxy-central/tools/humann/human_output/demo_pathabundance.tsv
/galaxy-central/tools/humann/human_output/demo_pathcoverage.tsv

09/20/2021 06:03:37 PM - humann.utilities - DEBUG: Remove directory: /galaxy-central/tools/humann/human_output/demo_humann_temp/tmpar4gmtge
